\BOOKMARK [1][-]{section*.2}{Introduction}{}% 1
\BOOKMARK [1][-]{section*.3}{Related Works}{}% 2
\BOOKMARK [1][-]{section*.4}{Background}{}% 3
\BOOKMARK [1][-]{section*.5}{System Description}{}% 4
\BOOKMARK [2][-]{section*.6}{Technical Details}{section*.5}% 5
\BOOKMARK [1][-]{section*.7}{Page Size and Columns}{}% 6
\BOOKMARK [1][-]{section*.8}{Typeset Text}{}% 7
\BOOKMARK [2][-]{section*.9}{Title and Authors}{section*.8}% 8
\BOOKMARK [2][-]{section*.10}{Abstract and Keywords}{section*.8}% 9
\BOOKMARK [2][-]{section*.11}{Normal or Body Text}{section*.8}% 10
\BOOKMARK [2][-]{section*.12}{First Page Copyright Notice}{section*.8}% 11
\BOOKMARK [2][-]{section*.13}{Subsequent Pages}{section*.8}% 12
\BOOKMARK [2][-]{section*.14}{References and Citations}{section*.8}% 13
\BOOKMARK [1][-]{section*.15}{Sections}{}% 14
\BOOKMARK [2][-]{section*.16}{Subsections}{section*.15}% 15
\BOOKMARK [3][-]{section*.17}{Sub-subsections}{section*.16}% 16
\BOOKMARK [1][-]{section*.18}{Figures/Captions}{}% 17
\BOOKMARK [1][-]{section*.19}{Language, Style and Content}{}% 18
\BOOKMARK [1][-]{section*.20}{Accessibility}{}% 19
\BOOKMARK [1][-]{section*.21}{Page Numbering, Headers and Footers}{}% 20
\BOOKMARK [1][-]{section*.22}{Producing and Testing PDF Files}{}% 21
\BOOKMARK [1][-]{section*.23}{Blind Review}{}% 22
\BOOKMARK [1][-]{section*.24}{Conclusion}{}% 23
\BOOKMARK [1][-]{section*.25}{Acknowledgments}{}% 24
\BOOKMARK [1][-]{section*.26}{References format}{}% 25
